2025-08-14 14:37:55 - База данных инициализирована
2025-08-14 14:38:10 - База данных инициализирована
2025-08-14 14:38:22 - Пользователь 'user' (ID: 6) успешно вошел в систему
2025-08-14 14:39:13 - Пользователь user (ID: 6) добавил штрихкод 'YH1366' в документ 'Инвентаризация' (ID: 63)
2025-08-14 14:40:22 - Пользователь user (ID: 6) закрыл документ 'Инвентаризация' (ID: 63) с 13 штрихкодами
2025-08-14 14:40:23 - Документ 'Инвентаризация' (ID: 63) пользователя 'user' закрыт
2025-08-14 14:40:23 - 
=== ВЫГРУЖЕН ДОКУМЕНТ ===
Файл: Инвентаризация_user_20250814_130105.csv
Пользователь: user
Тип документа: Инвентаризация
Дата создания: 2025-08-14T13:01:05.693774
Дата закрытия: 2025-08-14T14:40:22.979670
Комментарий: Без комментария
Количество штрихкодов: 13

СПИСОК ШТРИХКОДОВ:
  1. HGC09S5Q834 (время сканирования: 13:01:54)
  2. 4752224003195 (время сканирования: 13:01:59)
  3. HGC09S5Q834 (время сканирования: 13:02:04)
  4. HGC09S5Q834 (время сканирования: 13:02:20)
  5. HGC09S5Q834 (время сканирования: 13:02:33)
  6. HGC09S5Q834 (время сканирования: 13:02:48)
  7. HGC09S5Q834 (время сканирования: 13:02:54)
  8. HGC09S5Q834 (время сканирования: 13:02:59)
  9. HGC09S5Q834 (время сканирования: 13:03:05)
 10. HGC09S5Q834 (время сканирования: 13:03:13)
 11. HGC09S5Q834 (время сканирования: 13:03:19)
 12. HGC09S5Q834 (время сканирования: 13:03:25)
 13. YH1366 (время сканирования: 14:39:13)
==================================================
2025-08-14 14:41:03 - Пользователь user (ID: 6) создал новый документ типа 'Приход' (ID: 64) с комментарием: 'Без комментария'
2025-08-14 14:41:11 - Пользователь user (ID: 6) добавил штрихкод 'YH1366' в документ 'Приход' (ID: 64)
2025-08-14 14:41:26 - Пользователь user (ID: 6) закрыл документ 'Приход' (ID: 64) с 1 штрихкодами
2025-08-14 14:41:26 - Документ 'Приход' (ID: 64) пользователя 'user' закрыт
2025-08-14 14:41:26 - 
=== ВЫГРУЖЕН ДОКУМЕНТ ===
Файл: Приход_user_20250814_144103.csv
Пользователь: user
Тип документа: Приход
Дата создания: 2025-08-14T14:41:03.349129
Дата закрытия: 2025-08-14T14:41:26.119404
Комментарий: Без комментария
Количество штрихкодов: 1

СПИСОК ШТРИХКОДОВ:
  1. YH1366 (время сканирования: 14:41:11)
==================================================
2025-08-14 14:49:41 - Пользователь 'admin' (ID: 2) успешно вошел в систему
2025-08-14 14:50:01 - АДМИНИСТРАТОР admin (ID: 2) удалил документ 'Приход' (ID: 64) пользователя 'user' с 1 штрихкодами. Комментарий: 'Без комментария'
2025-08-14 14:50:01 - Админ удалил CSV файл: Приход_user_20250814_144103.csv
2025-08-14 14:50:01 - Админ удалил документ 'Приход' (ID: 64) пользователя 'user' с 1 штрихкодами
2025-08-14 14:50:03 - АДМИНИСТРАТОР admin (ID: 2) удалил документ 'Инвентаризация' (ID: 63) пользователя 'user' с 13 штрихкодами. Комментарий: 'Без комментария'
2025-08-14 14:50:03 - Админ удалил CSV файл: Инвентаризация_user_20250814_130105.csv
2025-08-14 14:50:03 - Админ удалил документ 'Инвентаризация' (ID: 63) пользователя 'user' с 13 штрихкодами
2025-08-14 14:53:58 - База данных инициализирована
2025-08-14 14:54:29 - Пользователь 'admin' (ID: 1) успешно вошел в систему
2025-08-14 14:55:47 - Пользователь 'user' (ID: 2) успешно вошел в систему
2025-08-14 14:55:52 - Пользователь user (ID: 2) создал новый документ типа 'Приход' (ID: 1) с комментарием: 'Без комментария'
2025-08-14 14:55:59 - Пользователь user (ID: 2) добавил штрихкод 'YH1366' в документ 'Приход' (ID: 1)
2025-08-14 14:56:09 - Пользователь user (ID: 2) добавил штрихкод 'YH1366' в документ 'Приход' (ID: 1)
2025-08-14 14:56:23 - Пользователь user (ID: 2) добавил штрихкод 'YH1366' в документ 'Приход' (ID: 1)
2025-08-14 14:57:04 - Пользователь user (ID: 2) добавил штрихкод '4820017000833' в документ 'Приход' (ID: 1)
2025-08-14 14:57:09 - Пользователь user (ID: 2) добавил штрихкод '4820017000833' в документ 'Приход' (ID: 1)
2025-08-14 14:57:12 - Пользователь user (ID: 2) добавил штрихкод '4820017000833' в документ 'Приход' (ID: 1)
2025-08-14 14:57:18 - Пользователь user (ID: 2) добавил штрихкод '4820017000833' в документ 'Приход' (ID: 1)
2025-08-14 14:57:23 - Пользователь user (ID: 2) добавил штрихкод '4820017000833' в документ 'Приход' (ID: 1)
2025-08-14 14:57:25 - Пользователь user (ID: 2) добавил штрихкод '4820017000833' в документ 'Приход' (ID: 1)
2025-08-14 14:57:28 - Пользователь user (ID: 2) добавил штрихкод '4820017000833' в документ 'Приход' (ID: 1)
2025-08-14 14:57:49 - Пользователь user (ID: 2) добавил штрихкод '6664444' в документ 'Приход' (ID: 1)
2025-08-14 14:57:54 - Пользователь user (ID: 2) добавил штрихкод '4820017000833' в документ 'Приход' (ID: 1)
2025-08-14 14:58:49 - Обновлен комментарий к документу (ID: 1): 'Без комментария' -> 'Проверка'
2025-08-14 14:58:49 - Пользователь user (ID: 2) обновил комментарий к документу 'Приход' (ID: 1). Старый комментарий: 'Без комментария', новый комментарий: 'Проверка'
2025-08-14 14:58:56 - Пользователь user (ID: 2) закрыл документ 'Приход' (ID: 1) с 12 штрихкодами
2025-08-14 14:58:56 - Документ 'Приход' (ID: 1) пользователя 'user' закрыт
2025-08-14 14:58:56 - 
=== ВЫГРУЖЕН ДОКУМЕНТ ===
Файл: Приход_user_20250814_145552.csv
Пользователь: user
Тип документа: Приход
Дата создания: 2025-08-14T14:55:52.762705
Дата закрытия: 2025-08-14T14:58:56.066291
Комментарий: Проверка
Количество штрихкодов: 12

СПИСОК ШТРИХКОДОВ:
  1. YH1366 (время сканирования: 14:55:59)
  2. YH1366 (время сканирования: 14:56:09)
  3. YH1366 (время сканирования: 14:56:23)
  4. 4820017000833 (время сканирования: 14:57:04)
  5. 4820017000833 (время сканирования: 14:57:09)
  6. 4820017000833 (время сканирования: 14:57:12)
  7. 4820017000833 (время сканирования: 14:57:18)
  8. 4820017000833 (время сканирования: 14:57:23)
  9. 4820017000833 (время сканирования: 14:57:25)
 10. 4820017000833 (время сканирования: 14:57:28)
 11. 6664444 (время сканирования: 14:57:49)
 12. 4820017000833 (время сканирования: 14:57:54)
==================================================
2025-08-14 15:00:25 - Пользователь user (ID: 2) создал новый документ типа 'Приход' (ID: 2) с комментарием: 'Без комментария'
2025-08-14 15:00:40 - Пользователь user (ID: 2) удалил документ 'Приход' (ID: 2) с 0 штрихкодами. Комментарий: 'Без комментария'
2025-08-14 15:00:41 - Удален документ 'Приход' (ID: 2) пользователя 'user' с 0 штрихкодами
2025-08-14 15:01:00 - Пользователь user (ID: 2) создал новый документ типа 'Приход' (ID: 3) с комментарием: 'Без комментария'
2025-08-14 15:01:11 - Пользователь user (ID: 2) удалил документ 'Приход' (ID: 3) с 0 штрихкодами. Комментарий: 'Без комментария'
2025-08-14 15:01:11 - Удален документ 'Приход' (ID: 3) пользователя 'user' с 0 штрихкодами
2025-08-14 15:01:22 - Пользователь user (ID: 2) создал новый документ типа 'Приход' (ID: 4) с комментарием: 'Без комментария'
2025-08-14 15:05:58 - База данных инициализирована
2025-08-14 15:06:18 - Пользователь 'user' (ID: 2) успешно вошел в систему
2025-08-14 15:06:33 - Пользователь user (ID: 2) удалил документ 'Приход' (ID: 1) с 12 штрихкодами. Комментарий: 'Проверка'
2025-08-14 15:06:33 - Удален CSV файл: Приход_user_20250814_145552.csv
2025-08-14 15:06:33 - Удален документ 'Приход' (ID: 1) пользователя 'user' с 12 штрихкодами
2025-08-14 15:08:47 - Пользователь user (ID: 2) добавил штрихкод '777666' в документ 'Приход' (ID: 4)
2025-08-14 15:08:59 - Пользователь user (ID: 2) закрыл документ 'Приход' (ID: 4) с 1 штрихкодами
2025-08-14 15:08:59 - Документ 'Приход' (ID: 4) пользователя 'user' закрыт
2025-08-14 15:08:59 - 
=== ВЫГРУЖЕН ДОКУМЕНТ ===
Файл: Приход_user_20250814_150122.csv
Пользователь: user
Тип документа: Приход
Дата создания: 2025-08-14T15:01:22.585692
Дата закрытия: 2025-08-14T15:08:59.688690
Комментарий: Без комментария
Количество штрихкодов: 1

СПИСОК ШТРИХКОДОВ:
  1. 777666 (время сканирования: 15:08:47)
==================================================
2025-08-14 15:09:19 - Пользователь user (ID: 2) создал новый документ типа 'Инвентаризация' (ID: 5) с комментарием: 'Без комментария'
2025-08-14 15:09:54 - Обновлен комментарий к документу (ID: 4): 'Без комментария' -> 'Тест'
2025-08-14 15:09:54 - Пользователь user (ID: 2) обновил комментарий к документу 'Приход' (ID: 4). Старый комментарий: 'Без комментария', новый комментарий: 'Тест'
2025-08-14 15:10:08 - Обновлен комментарий к документу (ID: 5): 'Без комментария' -> 'Тест2'
2025-08-14 15:10:08 - Пользователь user (ID: 2) обновил комментарий к документу 'Инвентаризация' (ID: 5). Старый комментарий: 'Без комментария', новый комментарий: 'Тест2'
2025-08-14 15:10:30 - Пользователь user (ID: 2) добавил штрихкод '4820017000833' в документ 'Инвентаризация' (ID: 5)
2025-08-14 15:10:34 - Пользователь user (ID: 2) добавил штрихкод '4820017000833' в документ 'Инвентаризация' (ID: 5)
2025-08-14 15:11:20 - Пользователь user (ID: 2) добавил штрихкод '4750258314591' в документ 'Инвентаризация' (ID: 5)
2025-08-14 15:11:32 - Пользователь user (ID: 2) добавил штрихкод '7350075028328' в документ 'Инвентаризация' (ID: 5)
2025-08-14 15:11:43 - Пользователь user (ID: 2) добавил штрихкод '5055957705831' в документ 'Инвентаризация' (ID: 5)
2025-08-14 15:12:09 - Пользователь user (ID: 2) добавил штрихкод 'HGC09S5Q834' в документ 'Инвентаризация' (ID: 5)
2025-08-14 15:12:54 - Пользователь user (ID: 2) закрыл документ 'Инвентаризация' (ID: 5) с 6 штрихкодами
2025-08-14 15:12:54 - Документ 'Инвентаризация' (ID: 5) пользователя 'user' закрыт
2025-08-14 15:12:54 - 
=== ВЫГРУЖЕН ДОКУМЕНТ ===
Файл: Инвентаризация_user_20250814_150918.csv
Пользователь: user
Тип документа: Инвентаризация
Дата создания: 2025-08-14T15:09:18.882666
Дата закрытия: 2025-08-14T15:12:54.264332
Комментарий: Тест2
Количество штрихкодов: 6

СПИСОК ШТРИХКОДОВ:
  1. 4820017000833 (время сканирования: 15:10:30)
  2. 4820017000833 (время сканирования: 15:10:34)
  3. 4750258314591 (время сканирования: 15:11:20)
  4. 7350075028328 (время сканирования: 15:11:32)
  5. 5055957705831 (время сканирования: 15:11:43)
  6. HGC09S5Q834 (время сканирования: 15:12:09)
==================================================
2025-08-14 15:13:16 - Пользователь user (ID: 2) создал новый документ типа 'Инвентаризация' (ID: 6) с комментарием: 'Без комментария'
2025-08-14 15:13:21 - Пользователь user (ID: 2) добавил штрихкод '4820017000833' в документ 'Инвентаризация' (ID: 6)
2025-08-14 15:13:26 - Пользователь user (ID: 2) добавил штрихкод '4820017000833' в документ 'Инвентаризация' (ID: 6)
2025-08-14 15:13:30 - Пользователь user (ID: 2) добавил штрихкод '4820017000833' в документ 'Инвентаризация' (ID: 6)
2025-08-14 15:14:00 - Пользователь user (ID: 2) закрыл документ 'Инвентаризация' (ID: 6) с 3 штрихкодами
2025-08-14 15:14:00 - Документ 'Инвентаризация' (ID: 6) пользователя 'user' закрыт
2025-08-14 15:14:00 - 
=== ВЫГРУЖЕН ДОКУМЕНТ ===
Файл: Инвентаризация_user_20250814_151316.csv
Пользователь: user
Тип документа: Инвентаризация
Дата создания: 2025-08-14T15:13:16.797020
Дата закрытия: 2025-08-14T15:14:00.601838
Комментарий: Без комментария
Количество штрихкодов: 3

СПИСОК ШТРИХКОДОВ:
  1. 4820017000833 (время сканирования: 15:13:21)
  2. 4820017000833 (время сканирования: 15:13:26)
  3. 4820017000833 (время сканирования: 15:13:30)
==================================================
2025-08-14 15:15:25 - Добавлен новый пользователь в систему: 'fur' (ID: 3)
2025-08-14 15:15:25 - АДМИНИСТРАТОР admin (ID: 1) добавил нового пользователя: 'fur' с ПИН-кодом
2025-08-14 15:16:16 - Пользователь 'fur' (ID: 3) успешно вошел в систему
2025-08-14 15:16:26 - Пользователь fur (ID: 3) создал новый документ типа 'Приход' (ID: 7) с комментарием: 'Без комментария'
2025-08-14 15:16:31 - Пользователь fur (ID: 3) добавил штрихкод '4820017000833' в документ 'Приход' (ID: 7)
2025-08-14 15:16:35 - Пользователь fur (ID: 3) добавил штрихкод '4820017000833' в документ 'Приход' (ID: 7)
2025-08-14 15:16:38 - Пользователь fur (ID: 3) добавил штрихкод '4820017000833' в документ 'Приход' (ID: 7)
2025-08-14 15:16:41 - Пользователь fur (ID: 3) добавил штрихкод '4820017000833' в документ 'Приход' (ID: 7)
2025-08-14 15:17:01 - Обновлен комментарий к документу (ID: 7): 'Без комментария' -> 'ррррр'
2025-08-14 15:17:01 - Пользователь fur (ID: 3) обновил комментарий к документу 'Приход' (ID: 7). Старый комментарий: 'Без комментария', новый комментарий: 'ррррр'
2025-08-14 15:17:05 - Пользователь fur (ID: 3) закрыл документ 'Приход' (ID: 7) с 4 штрихкодами
2025-08-14 15:17:05 - Документ 'Приход' (ID: 7) пользователя 'fur' закрыт
2025-08-14 15:17:05 - 
=== ВЫГРУЖЕН ДОКУМЕНТ ===
Файл: Приход_fur_20250814_151625.csv
Пользователь: fur
Тип документа: Приход
Дата создания: 2025-08-14T15:16:25.989953
Дата закрытия: 2025-08-14T15:17:05.455910
Комментарий: ррррр
Количество штрихкодов: 4

СПИСОК ШТРИХКОДОВ:
  1. 4820017000833 (время сканирования: 15:16:31)
  2. 4820017000833 (время сканирования: 15:16:35)
  3. 4820017000833 (время сканирования: 15:16:38)
  4. 4820017000833 (время сканирования: 15:16:41)
==================================================
2025-08-14 15:18:24 - АДМИНИСТРАТОР admin (ID: 1) регенерировал CSV файл для документа 'Приход' (ID: 7) пользователя 'fur'
2025-08-14 15:18:24 - 
=== ВЫГРУЖЕН ДОКУМЕНТ ===
Файл: Приход_fur_20250814_151625.csv
Пользователь: fur
Тип документа: Приход
Дата создания: 2025-08-14T15:16:25.989953
Дата закрытия: 2025-08-14T15:17:05.455910
Комментарий: ррррр
Количество штрихкодов: 4

СПИСОК ШТРИХКОДОВ:
  1. 4820017000833 (время сканирования: 15:16:31)
  2. 4820017000833 (время сканирования: 15:16:35)
  3. 4820017000833 (время сканирования: 15:16:38)
  4. 4820017000833 (время сканирования: 15:16:41)
==================================================
2025-08-14 15:20:36 - Пользователь fur (ID: 3) удалил документ 'Приход' (ID: 7) с 4 штрихкодами. Комментарий: 'ррррр'
2025-08-14 15:20:36 - Удален CSV файл: Приход_fur_20250814_151625.csv
2025-08-14 15:20:37 - Удален документ 'Приход' (ID: 7) пользователя 'fur' с 4 штрихкодами
